Started GET "/" for 127.0.0.1 at 2017-11-29 21:12:31 -0500
  
ActiveRecord::NoDatabaseError (FATAL:  database "url_shortener" does not exist
):
  
activerecord (5.1.4) lib/active_record/connection_adapters/postgresql_adapter.rb:699:in `rescue in connect'
activerecord (5.1.4) lib/active_record/connection_adapters/postgresql_adapter.rb:695:in `connect'
activerecord (5.1.4) lib/active_record/connection_adapters/postgresql_adapter.rb:220:in `initialize'
activerecord (5.1.4) lib/active_record/connection_adapters/postgresql_adapter.rb:38:in `new'
activerecord (5.1.4) lib/active_record/connection_adapters/postgresql_adapter.rb:38:in `postgresql_connection'
activerecord (5.1.4) lib/active_record/connection_adapters/abstract/connection_pool.rb:759:in `new_connection'
activerecord (5.1.4) lib/active_record/connection_adapters/abstract/connection_pool.rb:803:in `checkout_new_connection'
activerecord (5.1.4) lib/active_record/connection_adapters/abstract/connection_pool.rb:782:in `try_to_checkout_new_connection'
activerecord (5.1.4) lib/active_record/connection_adapters/abstract/connection_pool.rb:743:in `acquire_connection'
activerecord (5.1.4) lib/active_record/connection_adapters/abstract/connection_pool.rb:500:in `checkout'
activerecord (5.1.4) lib/active_record/connection_adapters/abstract/connection_pool.rb:374:in `connection'
activerecord (5.1.4) lib/active_record/connection_adapters/abstract/connection_pool.rb:931:in `retrieve_connection'
activerecord (5.1.4) lib/active_record/connection_handling.rb:116:in `retrieve_connection'
activerecord (5.1.4) lib/active_record/connection_handling.rb:88:in `connection'
activerecord (5.1.4) lib/active_record/migration.rb:562:in `connection'
activerecord (5.1.4) lib/active_record/migration.rb:553:in `call'
actionpack (5.1.4) lib/action_dispatch/middleware/callbacks.rb:26:in `block in call'
activesupport (5.1.4) lib/active_support/callbacks.rb:97:in `run_callbacks'
actionpack (5.1.4) lib/action_dispatch/middleware/callbacks.rb:24:in `call'
actionpack (5.1.4) lib/action_dispatch/middleware/executor.rb:12:in `call'
actionpack (5.1.4) lib/action_dispatch/middleware/debug_exceptions.rb:59:in `call'
web-console (3.5.1) lib/web_console/middleware.rb:135:in `call_app'
web-console (3.5.1) lib/web_console/middleware.rb:28:in `block in call'
web-console (3.5.1) lib/web_console/middleware.rb:18:in `catch'
web-console (3.5.1) lib/web_console/middleware.rb:18:in `call'
actionpack (5.1.4) lib/action_dispatch/middleware/show_exceptions.rb:31:in `call'
railties (5.1.4) lib/rails/rack/logger.rb:36:in `call_app'
railties (5.1.4) lib/rails/rack/logger.rb:24:in `block in call'
activesupport (5.1.4) lib/active_support/tagged_logging.rb:69:in `block in tagged'
activesupport (5.1.4) lib/active_support/tagged_logging.rb:26:in `tagged'
activesupport (5.1.4) lib/active_support/tagged_logging.rb:69:in `tagged'
railties (5.1.4) lib/rails/rack/logger.rb:24:in `call'
sprockets-rails (3.2.1) lib/sprockets/rails/quiet_assets.rb:13:in `call'
actionpack (5.1.4) lib/action_dispatch/middleware/remote_ip.rb:79:in `call'
actionpack (5.1.4) lib/action_dispatch/middleware/request_id.rb:25:in `call'
rack (2.0.3) lib/rack/method_override.rb:22:in `call'
rack (2.0.3) lib/rack/runtime.rb:22:in `call'
activesupport (5.1.4) lib/active_support/cache/strategy/local_cache_middleware.rb:27:in `call'
actionpack (5.1.4) lib/action_dispatch/middleware/executor.rb:12:in `call'
actionpack (5.1.4) lib/action_dispatch/middleware/static.rb:125:in `call'
rack (2.0.3) lib/rack/sendfile.rb:111:in `call'
railties (5.1.4) lib/rails/engine.rb:522:in `call'
puma (3.10.0) lib/puma/configuration.rb:225:in `call'
puma (3.10.0) lib/puma/server.rb:605:in `handle_request'
puma (3.10.0) lib/puma/server.rb:437:in `process_client'
puma (3.10.0) lib/puma/server.rb:301:in `block in run'
puma (3.10.0) lib/puma/thread_pool.rb:120:in `block in spawn_thread'
  [1m[35m (14.3ms)[0m  [1m[35mCREATE TABLE "schema_migrations" ("version" character varying NOT NULL PRIMARY KEY)[0m
  [1m[35m (21.3ms)[0m  [1m[35mCREATE TABLE "ar_internal_metadata" ("key" character varying NOT NULL PRIMARY KEY, "value" character varying, "created_at" timestamp NOT NULL, "updated_at" timestamp NOT NULL)[0m
  [1m[35m (6.0ms)[0m  [1m[34mSELECT pg_try_advisory_lock(3560564728303329810)[0m
  [1m[35m (0.9ms)[0m  [1m[34mSELECT "schema_migrations"."version" FROM "schema_migrations" ORDER BY "schema_migrations"."version" ASC[0m
Migrating to CreateUrls (20171031165002)
  [1m[35m (0.3ms)[0m  [1m[35mBEGIN[0m
  [1m[35m (27.1ms)[0m  [1m[35mCREATE TABLE "urls" ("id" bigserial primary key, "url" character varying, "created_at" timestamp NOT NULL, "updated_at" timestamp NOT NULL)[0m
  [1m[35mSQL (1.1ms)[0m  [1m[32mINSERT INTO "schema_migrations" ("version") VALUES ($1) RETURNING "version"[0m  [["version", "20171031165002"]]
  [1m[35m (0.5ms)[0m  [1m[35mCOMMIT[0m
Migrating to RemoveUrlFromUrls (20171031165212)
  [1m[35m (0.3ms)[0m  [1m[35mBEGIN[0m
  [1m[35m (4.2ms)[0m  [1m[35mALTER TABLE "urls" DROP "url"[0m
  [1m[35mSQL (0.5ms)[0m  [1m[32mINSERT INTO "schema_migrations" ("version") VALUES ($1) RETURNING "version"[0m  [["version", "20171031165212"]]
  [1m[35m (0.4ms)[0m  [1m[35mCOMMIT[0m
Migrating to AddOriginalToUrls (20171031165250)
  [1m[35m (0.4ms)[0m  [1m[35mBEGIN[0m
  [1m[35m (1.0ms)[0m  [1m[35mALTER TABLE "urls" ADD "original" character varying[0m
  [1m[35mSQL (0.4ms)[0m  [1m[32mINSERT INTO "schema_migrations" ("version") VALUES ($1) RETURNING "version"[0m  [["version", "20171031165250"]]
  [1m[35m (0.4ms)[0m  [1m[35mCOMMIT[0m
  [1m[36mActiveRecord::InternalMetadata Load (0.5ms)[0m  [1m[34mSELECT  "ar_internal_metadata".* FROM "ar_internal_metadata" WHERE "ar_internal_metadata"."key" = $1 LIMIT $2[0m  [["key", "environment"], ["LIMIT", 1]]
  [1m[35m (0.2ms)[0m  [1m[35mBEGIN[0m
  [1m[35mSQL (1.6ms)[0m  [1m[32mINSERT INTO "ar_internal_metadata" ("key", "value", "created_at", "updated_at") VALUES ($1, $2, $3, $4) RETURNING "key"[0m  [["key", "environment"], ["value", "development"], ["created_at", "2017-11-30 02:15:37.068249"], ["updated_at", "2017-11-30 02:15:37.068249"]]
  [1m[35m (0.4ms)[0m  [1m[35mCOMMIT[0m
  [1m[35m (0.3ms)[0m  [1m[34mSELECT pg_advisory_unlock(3560564728303329810)[0m
  [1m[35m (0.4ms)[0m  [1m[34mSELECT "schema_migrations"."version" FROM "schema_migrations" ORDER BY "schema_migrations"."version" ASC[0m
Started GET "/" for 127.0.0.1 at 2017-11-29 21:15:48 -0500
  [1m[35m (1.9ms)[0m  [1m[34mSELECT "schema_migrations"."version" FROM "schema_migrations" ORDER BY "schema_migrations"."version" ASC[0m
Processing by UrlsController#index as HTML
  Rendering urls/index.html.erb within layouts/application
  [1m[36mUrl Load (1.0ms)[0m  [1m[34mSELECT "urls".* FROM "urls"[0m
  Rendered urls/index.html.erb within layouts/application (8.1ms)
Completed 200 OK in 910ms (Views: 892.1ms | ActiveRecord: 4.3ms)


Started GET "/urls/new" for 127.0.0.1 at 2017-11-29 21:15:51 -0500
Processing by UrlsController#new as HTML
  Rendering urls/new.html.erb within layouts/application
  Rendered urls/_form.html.erb (35.7ms)
  Rendered urls/new.html.erb within layouts/application (42.0ms)
Completed 200 OK in 93ms (Views: 71.1ms | ActiveRecord: 12.5ms)


Started POST "/urls" for 127.0.0.1 at 2017-11-29 21:16:00 -0500
Processing by UrlsController#create as HTML
  Parameters: {"utf8"=>"✓", "authenticity_token"=>"SgkFjFvGlX0s4Oi2LvBpC/ig8RaKalThEJHTKA6ojXYR0P1L7SMM6benPTaEbmkOSkeZQq90xC/nc8Wgkd63QA==", "url"=>{"original"=>"https://www.google.com/analytics/#?modal_active=none"}, "commit"=>"Create Url"}
  [1m[35m (0.3ms)[0m  [1m[35mBEGIN[0m
  [1m[35mSQL (3.4ms)[0m  [1m[32mINSERT INTO "urls" ("created_at", "updated_at", "original") VALUES ($1, $2, $3) RETURNING "id"[0m  [["created_at", "2017-11-30 02:16:00.154520"], ["updated_at", "2017-11-30 02:16:00.154520"], ["original", "https://www.google.com/analytics/#?modal_active=none"]]
  [1m[35m (6.6ms)[0m  [1m[35mCOMMIT[0m
Redirected to http://localhost:3000/urls/1
Completed 302 Found in 19ms (ActiveRecord: 10.3ms)


Started GET "/urls/1" for 127.0.0.1 at 2017-11-29 21:16:00 -0500
Processing by UrlsController#show as HTML
  Parameters: {"id"=>"1"}
  [1m[36mUrl Load (0.5ms)[0m  [1m[34mSELECT  "urls".* FROM "urls" WHERE "urls"."id" = $1 LIMIT $2[0m  [["id", 1], ["LIMIT", 1]]
Redirected to https://www.google.com/analytics/#?modal_active=none
Completed 302 Found in 8ms (ActiveRecord: 0.8ms)


Started GET "/" for 127.0.0.1 at 2017-11-29 21:16:06 -0500
Processing by UrlsController#index as HTML
  Rendering urls/index.html.erb within layouts/application
  [1m[36mUrl Load (0.4ms)[0m  [1m[34mSELECT "urls".* FROM "urls"[0m
  Rendered urls/index.html.erb within layouts/application (3.9ms)
Completed 200 OK in 43ms (Views: 38.7ms | ActiveRecord: 0.4ms)


Started GET "/urls/1" for 127.0.0.1 at 2017-11-29 21:16:10 -0500
Processing by UrlsController#show as HTML
  Parameters: {"id"=>"1"}
  [1m[36mUrl Load (0.4ms)[0m  [1m[34mSELECT  "urls".* FROM "urls" WHERE "urls"."id" = $1 LIMIT $2[0m  [["id", 1], ["LIMIT", 1]]
Redirected to https://www.google.com/analytics/#?modal_active=none
Completed 302 Found in 3ms (ActiveRecord: 0.4ms)


Started GET "/urls/1" for 127.0.0.1 at 2017-11-29 21:16:10 -0500
Processing by UrlsController#show as HTML
  Parameters: {"id"=>"1"}
  [1m[36mUrl Load (0.5ms)[0m  [1m[34mSELECT  "urls".* FROM "urls" WHERE "urls"."id" = $1 LIMIT $2[0m  [["id", 1], ["LIMIT", 1]]
Redirected to https://www.google.com/analytics/#?modal_active=none
Completed 302 Found in 3ms (ActiveRecord: 0.5ms)


Started GET "/urls/new" for 127.0.0.1 at 2017-11-29 21:16:18 -0500
Processing by UrlsController#new as HTML
  Rendering urls/new.html.erb within layouts/application
  Rendered urls/_form.html.erb (3.0ms)
  Rendered urls/new.html.erb within layouts/application (8.0ms)
Completed 200 OK in 47ms (Views: 43.4ms | ActiveRecord: 0.0ms)


Started POST "/urls" for 127.0.0.1 at 2017-11-29 21:16:23 -0500
Processing by UrlsController#create as HTML
  Parameters: {"utf8"=>"✓", "authenticity_token"=>"GmNEUfy1m+HMfPQG+CnQc/mLJmfAOeRuwP/IWWwxwopBuryWSlACdVc7IYZSt9B2S2xOM+UndKA3Hd7R80f4vA==", "url"=>{"original"=>"google.com"}, "commit"=>"Create Url"}
  [1m[35m (0.2ms)[0m  [1m[35mBEGIN[0m
  [1m[35mSQL (0.6ms)[0m  [1m[32mINSERT INTO "urls" ("created_at", "updated_at", "original") VALUES ($1, $2, $3) RETURNING "id"[0m  [["created_at", "2017-11-30 02:16:23.667012"], ["updated_at", "2017-11-30 02:16:23.667012"], ["original", "google.com"]]
  [1m[35m (5.8ms)[0m  [1m[35mCOMMIT[0m
Redirected to http://localhost:3000/urls/2
Completed 302 Found in 11ms (ActiveRecord: 6.6ms)


Started GET "/urls/2" for 127.0.0.1 at 2017-11-29 21:16:23 -0500
Processing by UrlsController#show as HTML
  Parameters: {"id"=>"2"}
  [1m[36mUrl Load (0.7ms)[0m  [1m[34mSELECT  "urls".* FROM "urls" WHERE "urls"."id" = $1 LIMIT $2[0m  [["id", 2], ["LIMIT", 1]]
Redirected to http://localhost:3000google.com
Completed 302 Found in 4ms (ActiveRecord: 0.7ms)


Started GET "/urls" for 127.0.0.1 at 2017-11-29 21:16:34 -0500
Processing by UrlsController#index as HTML
  Rendering urls/index.html.erb within layouts/application
  [1m[36mUrl Load (0.6ms)[0m  [1m[34mSELECT "urls".* FROM "urls"[0m
  Rendered urls/index.html.erb within layouts/application (5.7ms)
Completed 200 OK in 44ms (Views: 41.3ms | ActiveRecord: 0.6ms)


Started GET "/" for 127.0.0.1 at 2017-12-07 09:49:39 -0500
  [1m[35m (1.5ms)[0m  [1m[34mSELECT "schema_migrations"."version" FROM "schema_migrations" ORDER BY "schema_migrations"."version" ASC[0m
Processing by UrlsController#index as HTML
  Rendering urls/index.html.erb within layouts/application
  [1m[36mUrl Load (0.9ms)[0m  [1m[34mSELECT "urls".* FROM "urls"[0m
  Rendered urls/index.html.erb within layouts/application (23.4ms)
Completed 200 OK in 341ms (Views: 313.7ms | ActiveRecord: 12.4ms)


Started GET "/urls/1" for 127.0.0.1 at 2017-12-07 09:49:46 -0500
Processing by UrlsController#show as HTML
  Parameters: {"id"=>"1"}
  [1m[36mUrl Load (0.5ms)[0m  [1m[34mSELECT  "urls".* FROM "urls" WHERE "urls"."id" = $1 LIMIT $2[0m  [["id", 1], ["LIMIT", 1]]
Redirected to https://www.google.com/analytics/#?modal_active=none
Completed 302 Found in 5ms (ActiveRecord: 0.9ms)


Started GET "/urls/1" for 127.0.0.1 at 2017-12-07 09:49:46 -0500
Processing by UrlsController#show as HTML
  Parameters: {"id"=>"1"}
  [1m[36mUrl Load (0.4ms)[0m  [1m[34mSELECT  "urls".* FROM "urls" WHERE "urls"."id" = $1 LIMIT $2[0m  [["id", 1], ["LIMIT", 1]]
Redirected to https://www.google.com/analytics/#?modal_active=none
Completed 302 Found in 2ms (ActiveRecord: 0.4ms)


Started GET "/urls/2" for 127.0.0.1 at 2017-12-07 09:49:52 -0500
Processing by UrlsController#show as HTML
  Parameters: {"id"=>"2"}
  [1m[36mUrl Load (0.5ms)[0m  [1m[34mSELECT  "urls".* FROM "urls" WHERE "urls"."id" = $1 LIMIT $2[0m  [["id", 2], ["LIMIT", 1]]
Redirected to http://localhost:3000google.com
Completed 302 Found in 3ms (ActiveRecord: 0.5ms)


Started GET "/urls/2" for 127.0.0.1 at 2017-12-07 09:49:52 -0500
Processing by UrlsController#show as HTML
  Parameters: {"id"=>"2"}
  [1m[36mUrl Load (1.1ms)[0m  [1m[34mSELECT  "urls".* FROM "urls" WHERE "urls"."id" = $1 LIMIT $2[0m  [["id", 2], ["LIMIT", 1]]
Redirected to http://localhost:3000google.com
Completed 302 Found in 4ms (ActiveRecord: 1.1ms)


Started GET "/urls/2" for 127.0.0.1 at 2017-12-07 09:49:52 -0500
Processing by UrlsController#show as HTML
  Parameters: {"id"=>"2"}
  [1m[36mUrl Load (0.4ms)[0m  [1m[34mSELECT  "urls".* FROM "urls" WHERE "urls"."id" = $1 LIMIT $2[0m  [["id", 2], ["LIMIT", 1]]
Redirected to http://localhost:3000google.com
Completed 302 Found in 3ms (ActiveRecord: 0.4ms)


Started GET "/" for 127.0.0.1 at 2017-12-07 09:50:00 -0500
Processing by UrlsController#index as HTML
  Rendering urls/index.html.erb within layouts/application
  [1m[36mUrl Load (0.8ms)[0m  [1m[34mSELECT "urls".* FROM "urls"[0m
  Rendered urls/index.html.erb within layouts/application (4.7ms)
Completed 200 OK in 43ms (Views: 38.6ms | ActiveRecord: 0.8ms)


Started GET "/urls/2/edit" for 127.0.0.1 at 2017-12-07 09:50:02 -0500
Processing by UrlsController#edit as HTML
  Parameters: {"id"=>"2"}
  [1m[36mUrl Load (0.5ms)[0m  [1m[34mSELECT  "urls".* FROM "urls" WHERE "urls"."id" = $1 LIMIT $2[0m  [["id", 2], ["LIMIT", 1]]
  Rendering urls/edit.html.erb within layouts/application
  Rendered urls/_form.html.erb (37.5ms)
  Rendered urls/edit.html.erb within layouts/application (41.9ms)
Completed 200 OK in 85ms (Views: 79.9ms | ActiveRecord: 0.5ms)


Started PATCH "/urls/2" for 127.0.0.1 at 2017-12-07 09:50:15 -0500
Processing by UrlsController#update as HTML
  Parameters: {"utf8"=>"✓", "authenticity_token"=>"D/NE5y/Q8CqyFP5rctRM9dMWe5zm/7FInfY93cKc/kaFtHPzvz91VAwwD7CCYg/lW27F7LfFhID+Mbdq4xHLFw==", "url"=>{"original"=>"https://google.com"}, "commit"=>"Update Url", "id"=>"2"}
  [1m[36mUrl Load (0.4ms)[0m  [1m[34mSELECT  "urls".* FROM "urls" WHERE "urls"."id" = $1 LIMIT $2[0m  [["id", 2], ["LIMIT", 1]]
  [1m[35m (0.5ms)[0m  [1m[35mBEGIN[0m
  [1m[35mSQL (19.5ms)[0m  [1m[33mUPDATE "urls" SET "original" = $1, "updated_at" = $2 WHERE "urls"."id" = $3[0m  [["original", "https://google.com"], ["updated_at", "2017-12-07 14:50:15.461313"], ["id", 2]]
  [1m[35m (1.4ms)[0m  [1m[35mCOMMIT[0m
Redirected to http://localhost:3000/urls/2
Completed 302 Found in 28ms (ActiveRecord: 21.7ms)


Started GET "/urls/2" for 127.0.0.1 at 2017-12-07 09:50:15 -0500
Processing by UrlsController#show as HTML
  Parameters: {"id"=>"2"}
  [1m[36mUrl Load (0.3ms)[0m  [1m[34mSELECT  "urls".* FROM "urls" WHERE "urls"."id" = $1 LIMIT $2[0m  [["id", 2], ["LIMIT", 1]]
Redirected to https://google.com
Completed 302 Found in 3ms (ActiveRecord: 0.3ms)


Started GET "/" for 127.0.0.1 at 2017-12-07 09:50:20 -0500
Processing by UrlsController#index as HTML
  Rendering urls/index.html.erb within layouts/application
  [1m[36mUrl Load (0.8ms)[0m  [1m[34mSELECT "urls".* FROM "urls"[0m
  Rendered urls/index.html.erb within layouts/application (5.4ms)
Completed 200 OK in 40ms (Views: 34.7ms | ActiveRecord: 0.8ms)


